<?xml version="1.0" encoding="UTF-8"?>
<!-- Generated by org.testng.reporters.JUnitXMLReporter -->
<testsuite ignored="1" hostname="LTIN388071" failures="0" tests="1" name="Default test" time="1.275" errors="0" timestamp="2024-05-10T17:34:42 IST">
  <testcase classname="ApachePOI.Assignment.ExcelDataProcessor" name="DataProcessor" time="1.221"/>
  <testcase classname="ApachePOI.Assignment.ExcelDataProcessor" name="writeExcel" time="0.0">
    <ignored/>
  </testcase> <!-- writeExcel -->
</testsuite> <!-- Default test -->
