<?xml version="1.0" encoding="UTF-8"?>
<!-- Generated by org.testng.reporters.JUnitXMLReporter -->
<testsuite ignored="0" hostname="LTIN388071" failures="1" tests="1" name="Test" time="1.218" errors="0" timestamp="2024-05-13T17:29:13 IST">
  <testcase classname="ApachePOI.Assignment.ExcelDataProcessor" name="DataProcessor2" time="1.174">
    <failure type="org.testng.internal.reflect.MethodMatcherException" message="
[public static void ApachePOI.Assignment.ExcelDataProcessor.DataProcessor2(java.lang.String[][]) throws java.io.IOException] has no parameters defined but was found to be using a data provider (either explicitly specified or inherited from class level annotation).
Data provider mismatch
Method: DataProcessor2([Parameter{index=0, type=[[Ljava.lang.String;, declaredAnnotations=[]}])
Arguments: [null,(java.lang.String) Ankitaa,(java.lang.String) Anirudh,(java.lang.String) Anavi]">
      <![CDATA[org.testng.internal.reflect.MethodMatcherException: 
[public static void ApachePOI.Assignment.ExcelDataProcessor.DataProcessor2(java.lang.String[][]) throws java.io.IOException] has no parameters defined but was found to be using a data provider (either explicitly specified or inherited from class level annotation).
Data provider mismatch
Method: DataProcessor2([Parameter{index=0, type=[[Ljava.lang.String;, declaredAnnotations=[]}])
Arguments: [null,(java.lang.String) Ankitaa,(java.lang.String) Anirudh,(java.lang.String) Anavi]
at java.base/java.util.ArrayList.forEach(ArrayList.java:1511)
... Removed 22 stack frames]]>
    </failure>
  </testcase> <!-- DataProcessor2 -->
</testsuite> <!-- Test -->
