<?xml version="1.0" encoding="UTF-8"?>
<testng-results ignored="0" total="1" passed="1" failed="0" skipped="0">
  <reporter-output>
  </reporter-output>
  <suite started-at="2024-05-14T14:31:34 IST" name="Suite" finished-at="2024-05-14T14:31:35 IST" duration-ms="895">
    <groups>
    </groups>
    <test started-at="2024-05-14T14:31:34 IST" name="Test" finished-at="2024-05-14T14:31:35 IST" duration-ms="895">
      <class name="ApachePOI.Assignment.ExcelDataProcessor2">
        <test-method signature="DataProcessor(ApachePOI.Assignment.ExcelData)[pri:0, instance:ApachePOI.Assignment.ExcelDataProcessor2@485966cc]" started-at="2024-05-14T14:31:35 IST" name="DataProcessor" data-provider="excelData" finished-at="2024-05-14T14:31:35 IST" duration-ms="213" status="PASS">
          <params>
            <param index="0">
              <value>
                <![CDATA[ApachePOI.Assignment.ExcelData@6815c5f2]]>
              </value>
            </param>
          </params>
          <reporter-output>
          </reporter-output>
        </test-method> <!-- DataProcessor -->
      </class> <!-- ApachePOI.Assignment.ExcelDataProcessor2 -->
    </test> <!-- Test -->
  </suite> <!-- Suite -->
</testng-results>
